<?xml version="1.0" encoding="UTF-8"?><testsuite errors="0" failures="0" name="As a user of the system," skipped="15" tests="15" time="0.72" timestamp="2021-02-12 12:10:36"><testcase name="Sending packages"><skipped/></testcase><testcase name="Change language"><skipped/></testcase><testcase name="Dowloand app"><skipped/></testcase><testcase name="Registration on the page"><skipped/></testcase><testcase name="Search activities"><skipped/></testcase><testcase name="Rent Cars"><skipped/></testcase><testcase name="Transfers"><skipped/></testcase><testcase name="Find hotel with flight included"><skipped/></testcase><testcase name="Flights with various destinations"><skipped/></testcase><testcase name="Create a vacation package without information"><skipped/></testcase><testcase name="Suggestion selection"><skipped/></testcase><testcase name="Login without creating an account"><skipped/></testcase><testcase name="Password recovery"><skipped/></testcase><testcase name="Add to Favorites"><skipped/></testcase><testcase name="recent searches"><skipped/></testcase></testsuite>